<?xml version="1.0" encoding="UTF-8"?>
<testsuite name="org.example.BotTest" tests="3" skipped="0" failures="0" errors="0" timestamp="2025-01-13T16:44:36" hostname="LAPTOP-87V17RBH" time="0.06">
  <properties/>
  <testcase name="testMovimentoSemplice()" classname="org.example.BotTest" time="0.049"/>
  <testcase name="testInizializzazioneBot()" classname="org.example.BotTest" time="0.003"/>
  <testcase name="testRallentamentoInCurva()" classname="org.example.BotTest" time="0.002"/>
  <system-out><![CDATA[]]></system-out>
  <system-err><![CDATA[]]></system-err>
</testsuite>
